<?xml version="1.0" encoding="UTF-8"?>
<!-- Generated by org.testng.reporters.JUnitXMLReporter -->
<testsuite hostname="E0847895" failures="0" tests="2" name="Default test" time="0.742" errors="0" timestamp="26 Jan 2022 09:17:50 GMT">
  <testcase classname="first_package.GetTestDataRun" name="testDataGetWithFirstConstructorWithOutSheetName" time="0.67"/>
  <testcase classname="first_package.GetTestDataRun" name="testDataGetWithSecondConstructorWithSheetName" time="0.058"/>
</testsuite> <!-- Default test -->
