<?xml version="1.0" encoding="UTF-8"?>
<!-- Generated by org.testng.reporters.JUnitXMLReporter -->
<testsuite hostname="E0847895" failures="0" tests="2" name="Test" time="0.746" errors="0" timestamp="26 Jan 2022 09:39:56 GMT">
  <testcase classname="first_package.GetTestDataRun" name="testDataGetWithFirstConstructorWithOutSheetName" time="0.727"/>
  <testcase classname="first_package.GetTestDataRun" name="testDataGetWithSecondConstructorWithSheetName" time="0.726"/>
</testsuite> <!-- Test -->
